07-20 11:38:50 com_github_MitjaNemec_ReplicateLayout.action_replicate_layout 400:Plugin executed on: 'win32'
07-20 11:38:50 com_github_MitjaNemec_ReplicateLayout.action_replicate_layout 401:Plugin executed with python version: '3.9.16 (main, May 18 2023, 07:48:16) [MSC v.1936 64 bit (AMD64)]'
07-20 11:38:50 com_github_MitjaNemec_ReplicateLayout.action_replicate_layout 402:KiCad build version: 7.0.6
07-20 11:38:50 com_github_MitjaNemec_ReplicateLayout.action_replicate_layout 403:Plugin version: 2.1.0
07-20 11:38:50 com_github_MitjaNemec_ReplicateLayout.action_replicate_layout 404:Frame repr: <wx._core.Frame object at 0x000001E28B912EE0>
07-20 11:38:50 com_github_MitjaNemec_ReplicateLayout.action_replicate_layout 428:Preparing replicator with U2 as a reference
07-20 11:38:50 com_github_MitjaNemec_ReplicateLayout.replicate_layout 116:getting a list of all footprints on board
07-20 11:38:50 com_github_MitjaNemec_ReplicateLayout.replicate_layout 135:Footprint kibuzzard-640237DF does not have Sheetfile property, it will not be replicated. Most likely it is only in layout
07-20 11:38:50 com_github_MitjaNemec_ReplicateLayout.replicate_layout 135:Footprint kibuzzard-640237A8 does not have Sheetfile property, it will not be replicated. Most likely it is only in layout
07-20 11:38:50 com_github_MitjaNemec_ReplicateLayout.replicate_layout 135:Footprint kibuzzard-640237DF does not have Sheetfile property, it will not be replicated. Most likely it is only in layout
07-20 11:38:50 com_github_MitjaNemec_ReplicateLayout.replicate_layout 135:Footprint kibuzzard-640237FD does not have Sheetfile property, it will not be replicated. Most likely it is only in layout
07-20 11:38:50 com_github_MitjaNemec_ReplicateLayout.action_replicate_layout 476:source anchor footprint is 'U2'
Located on: ['Filter_Voice1']
With filenames: ['Filter_Voice.kicad_sch']
With sheet_id:['Filter_Voice1']
07-20 11:38:50 com_github_MitjaNemec_ReplicateLayout.action_replicate_layout 483:Corresponding footprints are 
[('U2', ['Filter_Voice1']), ('U3', ['Filter_Voice2']), ('U4', ['Filter_Voice3']), ('U5', ['Filter_Voice4'])]
07-20 11:38:50 com_github_MitjaNemec_ReplicateLayout.action_replicate_layout 495:Showing dialog
07-20 11:38:50 com_github_MitjaNemec_ReplicateLayout.replicate_layout 403:constructing a list of sheets suitable for replication on level:'Filter_Voice1', file:'Filter_Voice.kicad_sch'
07-20 11:38:50 com_github_MitjaNemec_ReplicateLayout.replicate_layout 440:suitable sheets are:[['Filter_Voice2'], ['Filter_Voice3'], ['Filter_Voice4']]
07-20 11:38:50 com_github_MitjaNemec_ReplicateLayout.replicate_layout 1411:Level selected: ['Filter_Voice1']
07-20 11:38:50 com_github_MitjaNemec_ReplicateLayout.replicate_layout 1246:Filtering list of tracks
07-20 11:38:50 com_github_MitjaNemec_ReplicateLayout.action_replicate_layout 501:Toolbar position: wx.Point(2279, 138)
07-20 11:38:50 com_github_MitjaNemec_ReplicateLayout.action_replicate_layout 506:Dialog position: wx.Point(1917, 138)
07-20 11:38:51 com_github_MitjaNemec_ReplicateLayout.replicate_layout 403:constructing a list of sheets suitable for replication on level:'Filter_Voice1', file:'Filter_Voice.kicad_sch'
07-20 11:38:51 com_github_MitjaNemec_ReplicateLayout.replicate_layout 440:suitable sheets are:[['Filter_Voice2'], ['Filter_Voice3'], ['Filter_Voice4']]
07-20 11:38:51 com_github_MitjaNemec_ReplicateLayout.action_replicate_layout 248:Replicating layout
07-20 11:38:51 com_github_MitjaNemec_ReplicateLayout.replicate_layout 239:Starting replication of sheets: [['Filter_Voice2'], ['Filter_Voice3'], ['Filter_Voice4']]
on level: ['Filter_Voice1']
with tracks=True, zone=True, text=True, text=True, intersecting=False, remove=False, locked footprints=False, group_only=False
07-20 11:38:51 root 340:updating GUI message: 'Preparing for replication'
07-20 11:38:51 root 345:updating GUI with: 0
07-20 11:38:51 com_github_MitjaNemec_ReplicateLayout.replicate_layout 309:Getting the list of source footprints
07-20 11:38:51 com_github_MitjaNemec_ReplicateLayout.replicate_layout 319:Getting the list of all the remaining footprints
07-20 11:38:51 com_github_MitjaNemec_ReplicateLayout.replicate_layout 326:Getting source tracks
07-20 11:38:51 com_github_MitjaNemec_ReplicateLayout.replicate_layout 1246:Filtering list of tracks
07-20 11:38:51 com_github_MitjaNemec_ReplicateLayout.replicate_layout 330:Getting source zones
07-20 11:38:51 root 345:updating GUI with: 50
07-20 11:38:51 com_github_MitjaNemec_ReplicateLayout.replicate_layout 334:Getting source text items
07-20 11:38:51 com_github_MitjaNemec_ReplicateLayout.replicate_layout 338:Getting source drawing items
07-20 11:38:51 root 340:updating GUI message: 'Replicating footprints'
07-20 11:38:51 com_github_MitjaNemec_ReplicateLayout.replicate_layout 754:Replicating footprints
07-20 11:38:51 com_github_MitjaNemec_ReplicateLayout.replicate_layout 761:Replicating footprints on sheet ['Filter_Voice2']
07-20 11:38:51 com_github_MitjaNemec_ReplicateLayout.replicate_layout 761:Replicating footprints on sheet ['Filter_Voice3']
07-20 11:38:51 root 345:updating GUI with: 66
07-20 11:38:51 com_github_MitjaNemec_ReplicateLayout.replicate_layout 761:Replicating footprints on sheet ['Filter_Voice4']
07-20 11:38:51 root 340:updating GUI message: 'Replicating tracks'
07-20 11:38:51 com_github_MitjaNemec_ReplicateLayout.replicate_layout 924:Replicating tracks
07-20 11:38:51 com_github_MitjaNemec_ReplicateLayout.replicate_layout 930:Replicating tracks on sheet ['Filter_Voice2']
07-20 11:38:51 com_github_MitjaNemec_ReplicateLayout.replicate_layout 749:Net pairs for sheet ['Filter_Voice2'] :[('/Q_CONTROL', '/Q_CONTROL'), ('+12V', '+12V'), ('Net-(U2-CAP1)', 'Net-(U3-CAP1)'), ('GND', 'GND'), ('/Filter_Voice1/Q_FEEDBACK', '/Filter_Voice2/Q_FEEDBACK'), ('Net-(U2-CAP2)', 'Net-(U3-CAP2)'), ('Net-(U2-IN3)', 'Net-(U3-IN3)'), ('/FREQ_JACK', '/FREQ_JACK'), ('-12V', '-12V'), ('Net-(U2-IN2)', 'Net-(U3-IN2)'), ('/1POLE_OUT1', '/1POLE_OUT2'), ('Net-(U2-CAP4)', 'Net-(U3-CAP4)'), ('Net-(U2-EXPO_CTRL)', 'Net-(U3-EXPO_CTRL)'), ('/FREQ_POT', '/FREQ_POT'), ('Net-(U2-OUT2)', 'Net-(U3-OUT2)'), ('Net-(U2-OUT3)', 'Net-(U3-OUT3)'), ('Net-(U2-Q_VCA_IN+)', 'Net-(U3-Q_VCA_IN+)'), ('/Filter_Voice1/FREQ_CONTROL', '/Filter_Voice2/FREQ_CONTROL'), ('Net-(U2-OUT1)', 'Net-(U3-OUT1)'), ('Net-(U2-CAP3)', 'Net-(U3-CAP3)'), ('Net-(U2-IN4)', 'Net-(U3-IN4)'), ('Net-(U1A--)', 'Net-(U1B--)'), ('Net-(U2-OUT4)', 'Net-(U3-OUT4)'), ('/FREQ_CV1', '/FREQ_CV2'), ('/4POLE_OUT1', '/4POLE_OUT2'), ('/AUDIO_IN1', '/AUDIO_IN2')]
07-20 11:38:51 com_github_MitjaNemec_ReplicateLayout.replicate_layout 930:Replicating tracks on sheet ['Filter_Voice3']
07-20 11:38:51 com_github_MitjaNemec_ReplicateLayout.replicate_layout 749:Net pairs for sheet ['Filter_Voice3'] :[('/Q_CONTROL', '/Q_CONTROL'), ('+12V', '+12V'), ('Net-(U2-OUT1)', 'Net-(U4-OUT1)'), ('/4POLE_OUT1', '/4POLE_OUT3'), ('GND', 'GND'), ('/Filter_Voice1/FREQ_CONTROL', '/Filter_Voice3/FREQ_CONTROL'), ('Net-(U2-OUT3)', 'Net-(U4-OUT3)'), ('Net-(U2-IN2)', 'Net-(U4-IN2)'), ('Net-(U2-OUT2)', 'Net-(U4-OUT2)'), ('/1POLE_OUT1', '/1POLE_OUT3'), ('/FREQ_CV1', '/FREQ_CV3'), ('Net-(U2-EXPO_CTRL)', 'Net-(U4-EXPO_CTRL)'), ('Net-(U2-Q_VCA_IN+)', 'Net-(U4-Q_VCA_IN+)'), ('-12V', '-12V'), ('/FREQ_JACK', '/FREQ_JACK'), ('/AUDIO_IN1', '/AUDIO_IN3'), ('/FREQ_POT', '/FREQ_POT'), ('/Filter_Voice1/Q_FEEDBACK', '/Filter_Voice3/Q_FEEDBACK'), ('Net-(U2-IN3)', 'Net-(U4-IN3)'), ('Net-(U2-IN4)', 'Net-(U4-IN4)'), ('Net-(U2-CAP4)', 'Net-(U4-CAP4)'), ('Net-(U2-CAP1)', 'Net-(U4-CAP1)'), ('Net-(U1A--)', 'Net-(U1C--)'), ('Net-(U2-OUT4)', 'Net-(U4-OUT4)'), ('Net-(U2-CAP3)', 'Net-(U4-CAP3)'), ('Net-(U2-CAP2)', 'Net-(U4-CAP2)')]
07-20 11:38:51 com_github_MitjaNemec_ReplicateLayout.replicate_layout 930:Replicating tracks on sheet ['Filter_Voice4']
07-20 11:38:51 com_github_MitjaNemec_ReplicateLayout.replicate_layout 749:Net pairs for sheet ['Filter_Voice4'] :[('Net-(U2-IN2)', 'Net-(U5-IN2)'), ('Net-(U2-OUT2)', 'Net-(U5-OUT2)'), ('Net-(U2-IN3)', 'Net-(U5-IN3)'), ('/Q_CONTROL', '/Q_CONTROL'), ('+12V', '+12V'), ('Net-(U2-EXPO_CTRL)', 'Net-(U5-EXPO_CTRL)'), ('/4POLE_OUT1', '/4POLE_OUT4'), ('Net-(U2-IN4)', 'Net-(U5-IN4)'), ('GND', 'GND'), ('/FREQ_CV1', '/FREQ_CV4'), ('Net-(U2-OUT3)', 'Net-(U5-OUT3)'), ('Net-(U2-OUT4)', 'Net-(U5-OUT4)'), ('Net-(U2-CAP1)', 'Net-(U5-CAP1)'), ('/AUDIO_IN1', '/AUDIO_IN4'), ('/FREQ_JACK', '/FREQ_JACK'), ('Net-(U2-OUT1)', 'Net-(U5-OUT1)'), ('-12V', '-12V'), ('Net-(U2-CAP2)', 'Net-(U5-CAP2)'), ('Net-(U2-CAP3)', 'Net-(U5-CAP3)'), ('Net-(U1A--)', 'Net-(U1D--)'), ('Net-(U2-CAP4)', 'Net-(U5-CAP4)'), ('/FREQ_POT', '/FREQ_POT'), ('Net-(U2-Q_VCA_IN+)', 'Net-(U5-Q_VCA_IN+)'), ('/Filter_Voice1/Q_FEEDBACK', '/Filter_Voice4/Q_FEEDBACK'), ('/1POLE_OUT1', '/1POLE_OUT4'), ('/Filter_Voice1/FREQ_CONTROL', '/Filter_Voice4/FREQ_CONTROL')]
07-20 11:38:51 root 340:updating GUI message: 'Replicating zones'
07-20 11:38:51 com_github_MitjaNemec_ReplicateLayout.replicate_layout 994:Replicating zones
07-20 11:38:51 com_github_MitjaNemec_ReplicateLayout.replicate_layout 1001:Replicating zones on sheet ['Filter_Voice2']
07-20 11:38:51 com_github_MitjaNemec_ReplicateLayout.replicate_layout 749:Net pairs for sheet ['Filter_Voice2'] :[('/Q_CONTROL', '/Q_CONTROL'), ('+12V', '+12V'), ('Net-(U2-CAP1)', 'Net-(U3-CAP1)'), ('GND', 'GND'), ('/Filter_Voice1/Q_FEEDBACK', '/Filter_Voice2/Q_FEEDBACK'), ('Net-(U2-CAP2)', 'Net-(U3-CAP2)'), ('Net-(U2-IN3)', 'Net-(U3-IN3)'), ('/FREQ_JACK', '/FREQ_JACK'), ('-12V', '-12V'), ('Net-(U2-IN2)', 'Net-(U3-IN2)'), ('/1POLE_OUT1', '/1POLE_OUT2'), ('Net-(U2-CAP4)', 'Net-(U3-CAP4)'), ('Net-(U2-EXPO_CTRL)', 'Net-(U3-EXPO_CTRL)'), ('/FREQ_POT', '/FREQ_POT'), ('Net-(U2-OUT2)', 'Net-(U3-OUT2)'), ('Net-(U2-OUT3)', 'Net-(U3-OUT3)'), ('Net-(U2-Q_VCA_IN+)', 'Net-(U3-Q_VCA_IN+)'), ('/Filter_Voice1/FREQ_CONTROL', '/Filter_Voice2/FREQ_CONTROL'), ('Net-(U2-OUT1)', 'Net-(U3-OUT1)'), ('Net-(U2-CAP3)', 'Net-(U3-CAP3)'), ('Net-(U2-IN4)', 'Net-(U3-IN4)'), ('Net-(U1A--)', 'Net-(U1B--)'), ('Net-(U2-OUT4)', 'Net-(U3-OUT4)'), ('/FREQ_CV1', '/FREQ_CV2'), ('/4POLE_OUT1', '/4POLE_OUT2'), ('/AUDIO_IN1', '/AUDIO_IN2')]
07-20 11:38:51 com_github_MitjaNemec_ReplicateLayout.replicate_layout 1001:Replicating zones on sheet ['Filter_Voice3']
07-20 11:38:51 com_github_MitjaNemec_ReplicateLayout.replicate_layout 749:Net pairs for sheet ['Filter_Voice3'] :[('/Q_CONTROL', '/Q_CONTROL'), ('+12V', '+12V'), ('Net-(U2-OUT1)', 'Net-(U4-OUT1)'), ('/4POLE_OUT1', '/4POLE_OUT3'), ('GND', 'GND'), ('/Filter_Voice1/FREQ_CONTROL', '/Filter_Voice3/FREQ_CONTROL'), ('Net-(U2-OUT3)', 'Net-(U4-OUT3)'), ('Net-(U2-IN2)', 'Net-(U4-IN2)'), ('Net-(U2-OUT2)', 'Net-(U4-OUT2)'), ('/1POLE_OUT1', '/1POLE_OUT3'), ('/FREQ_CV1', '/FREQ_CV3'), ('Net-(U2-EXPO_CTRL)', 'Net-(U4-EXPO_CTRL)'), ('Net-(U2-Q_VCA_IN+)', 'Net-(U4-Q_VCA_IN+)'), ('-12V', '-12V'), ('/FREQ_JACK', '/FREQ_JACK'), ('/AUDIO_IN1', '/AUDIO_IN3'), ('/FREQ_POT', '/FREQ_POT'), ('/Filter_Voice1/Q_FEEDBACK', '/Filter_Voice3/Q_FEEDBACK'), ('Net-(U2-IN3)', 'Net-(U4-IN3)'), ('Net-(U2-IN4)', 'Net-(U4-IN4)'), ('Net-(U2-CAP4)', 'Net-(U4-CAP4)'), ('Net-(U2-CAP1)', 'Net-(U4-CAP1)'), ('Net-(U1A--)', 'Net-(U1C--)'), ('Net-(U2-OUT4)', 'Net-(U4-OUT4)'), ('Net-(U2-CAP3)', 'Net-(U4-CAP3)'), ('Net-(U2-CAP2)', 'Net-(U4-CAP2)')]
07-20 11:38:51 com_github_MitjaNemec_ReplicateLayout.replicate_layout 1001:Replicating zones on sheet ['Filter_Voice4']
07-20 11:38:51 com_github_MitjaNemec_ReplicateLayout.replicate_layout 749:Net pairs for sheet ['Filter_Voice4'] :[('Net-(U2-IN2)', 'Net-(U5-IN2)'), ('Net-(U2-OUT2)', 'Net-(U5-OUT2)'), ('Net-(U2-IN3)', 'Net-(U5-IN3)'), ('/Q_CONTROL', '/Q_CONTROL'), ('+12V', '+12V'), ('Net-(U2-EXPO_CTRL)', 'Net-(U5-EXPO_CTRL)'), ('/4POLE_OUT1', '/4POLE_OUT4'), ('Net-(U2-IN4)', 'Net-(U5-IN4)'), ('GND', 'GND'), ('/FREQ_CV1', '/FREQ_CV4'), ('Net-(U2-OUT3)', 'Net-(U5-OUT3)'), ('Net-(U2-OUT4)', 'Net-(U5-OUT4)'), ('Net-(U2-CAP1)', 'Net-(U5-CAP1)'), ('/AUDIO_IN1', '/AUDIO_IN4'), ('/FREQ_JACK', '/FREQ_JACK'), ('Net-(U2-OUT1)', 'Net-(U5-OUT1)'), ('-12V', '-12V'), ('Net-(U2-CAP2)', 'Net-(U5-CAP2)'), ('Net-(U2-CAP3)', 'Net-(U5-CAP3)'), ('Net-(U1A--)', 'Net-(U1D--)'), ('Net-(U2-CAP4)', 'Net-(U5-CAP4)'), ('/FREQ_POT', '/FREQ_POT'), ('Net-(U2-Q_VCA_IN+)', 'Net-(U5-Q_VCA_IN+)'), ('/Filter_Voice1/Q_FEEDBACK', '/Filter_Voice4/Q_FEEDBACK'), ('/1POLE_OUT1', '/1POLE_OUT4'), ('/Filter_Voice1/FREQ_CONTROL', '/Filter_Voice4/FREQ_CONTROL')]
07-20 11:38:51 root 340:updating GUI message: 'Replicating text'
07-20 11:38:51 com_github_MitjaNemec_ReplicateLayout.replicate_layout 1083:Replicating text
07-20 11:38:51 com_github_MitjaNemec_ReplicateLayout.replicate_layout 1090:Replicating text on sheet ['Filter_Voice2']
07-20 11:38:51 com_github_MitjaNemec_ReplicateLayout.replicate_layout 1090:Replicating text on sheet ['Filter_Voice3']
07-20 11:38:51 com_github_MitjaNemec_ReplicateLayout.replicate_layout 1090:Replicating text on sheet ['Filter_Voice4']
07-20 11:38:51 root 340:updating GUI message: 'Replicating drawings'
07-20 11:38:51 com_github_MitjaNemec_ReplicateLayout.replicate_layout 1134:Replicating drawings
07-20 11:38:51 root 345:updating GUI with: 0
07-20 11:38:51 com_github_MitjaNemec_ReplicateLayout.replicate_layout 1140:Replicating drawings on sheet ['Filter_Voice2']
07-20 11:38:51 com_github_MitjaNemec_ReplicateLayout.replicate_layout 1140:Replicating drawings on sheet ['Filter_Voice3']
07-20 11:38:51 com_github_MitjaNemec_ReplicateLayout.replicate_layout 1140:Replicating drawings on sheet ['Filter_Voice4']
07-20 11:38:52 com_github_MitjaNemec_ReplicateLayout.action_replicate_layout 264:Replication complete
